app/build/outputs/logs/manifest-merger-debug-report.txt
-- Merging decision tree log ---
manifest
ADDED from src/main/AndroidManifest.xml:2:1-76:12
	package
		ADDED from src/main/AndroidManifest.xml:3:5-36
		INJECTED from src/main/AndroidManifest.xml
		INJECTED from src/main/AndroidManifest.xml
	android:versionName
		ADDED from src/main/AndroidManifest.xml:5:5-30
		INJECTED from src/main/AndroidManifest.xml
		INJECTED from src/main/AndroidManifest.xml
	android:versionCode
		ADDED from src/main/AndroidManifest.xml:4:5-28
		INJECTED from src/main/AndroidManifest.xml
		INJECTED from src/main/AndroidManifest.xml
	xmlns:android
		ADDED from src/main/AndroidManifest.xml:2:11-69
uses-sdk
ADDED from src/main/AndroidManifest.xml:7:5-9:41
MERGED from [com.android.support:support-v4:22.2.1] AndroidManifest.xml:20:5-43
MERGED from [com.android.support:appcompat-v7:22.2.1] AndroidManifest.xml:20:5-43
MERGED from [com.android.support:support-v4:22.2.1] AndroidManifest.xml:20:5-43
MERGED from [com.android.volley:volley:1.0.0] AndroidManifest.xml:7:5-43
	android:targetSdkVersion
		ADDED from src/main/AndroidManifest.xml:9:9-38
		INJECTED from src/main/AndroidManifest.xml
		INJECTED from src/main/AndroidManifest.xml
	android:minSdkVersion
		ADDED from src/main/AndroidManifest.xml:8:9-35
		INJECTED from src/main/AndroidManifest.xml
		INJECTED from src/main/AndroidManifest.xml
uses-permission#android.permission.INTERNET
ADDED from src/main/AndroidManifest.xml:11:5-67
	android:name
		ADDED from src/main/AndroidManifest.xml:11:22-64
uses-permission#android.permission.ACCESS_NETWORK_STATE
ADDED from src/main/AndroidManifest.xml:12:5-79
	android:name
		ADDED from src/main/AndroidManifest.xml:12:22-76
uses-permission#android.permission.BLUETOOTH
ADDED from src/main/AndroidManifest.xml:13:5-68
	android:name
		ADDED from src/main/AndroidManifest.xml:13:22-65
uses-permission#android.permission.BLUETOOTH_ADMIN
ADDED from src/main/AndroidManifest.xml:14:5-74
	android:name
		ADDED from src/main/AndroidManifest.xml:14:22-71
uses-permission#android.permission.SEND_SMS
ADDED from src/main/AndroidManifest.xml:15:5-67
	android:name
		ADDED from src/main/AndroidManifest.xml:15:22-64
uses-permission#android.permission.READ_PHONE_STATE
ADDED from src/main/AndroidManifest.xml:16:5-75
	android:name
		ADDED from src/main/AndroidManifest.xml:16:22-72
application
ADDED from src/main/AndroidManifest.xml:18:5-74:19
MERGED from [com.android.support:support-v4:22.2.1] AndroidManifest.xml:22:5-20
MERGED from [com.android.support:appcompat-v7:22.2.1] AndroidManifest.xml:22:5-20
MERGED from [com.android.support:support-v4:22.2.1] AndroidManifest.xml:22:5-20
MERGED from [com.android.volley:volley:1.0.0] AndroidManifest.xml:9:5-20
	android:label
		ADDED from src/main/AndroidManifest.xml:22:9-41
	android:allowBackup
		ADDED from src/main/AndroidManifest.xml:19:9-35
	android:icon
		ADDED from src/main/AndroidManifest.xml:21:9-45
	android:theme
		ADDED from src/main/AndroidManifest.xml:23:9-40
	android:name
		ADDED from src/main/AndroidManifest.xml:20:9-55
activity#com.society.gsaienter.MainActivity
ADDED from src/main/AndroidManifest.xml:24:9-32:20
	android:label
		ADDED from src/main/AndroidManifest.xml:26:13-45
	android:name
		ADDED from src/main/AndroidManifest.xml:25:13-41
intent-filter#android.intent.action.MAIN+android.intent.category.LAUNCHER
ADDED from src/main/AndroidManifest.xml:27:13-31:29
action#android.intent.action.MAIN
ADDED from src/main/AndroidManifest.xml:28:17-69
	android:name
		ADDED from src/main/AndroidManifest.xml:28:25-66
category#android.intent.category.LAUNCHER
ADDED from src/main/AndroidManifest.xml:30:17-77
	android:name
		ADDED from src/main/AndroidManifest.xml:30:27-74
activity#com.society.gsaienter.HomeActivity
ADDED from src/main/AndroidManifest.xml:33:9-36:20
	android:label
		ADDED from src/main/AndroidManifest.xml:35:13-56
	android:name
		ADDED from src/main/AndroidManifest.xml:34:13-41
activity#com.society.gsaienter.CollectionActivity
ADDED from src/main/AndroidManifest.xml:37:9-40:20
	android:label
		ADDED from src/main/AndroidManifest.xml:39:13-62
	android:name
		ADDED from src/main/AndroidManifest.xml:38:13-47
activity#com.society.gsaienter.ReportsActivity
ADDED from src/main/AndroidManifest.xml:41:9-44:20
	android:label
		ADDED from src/main/AndroidManifest.xml:43:13-59
	android:name
		ADDED from src/main/AndroidManifest.xml:42:13-44
activity#com.society.gsaienter.ViewCustomerActivity
ADDED from src/main/AndroidManifest.xml:45:9-48:20
	android:label
		ADDED from src/main/AndroidManifest.xml:47:13-65
	android:name
		ADDED from src/main/AndroidManifest.xml:46:13-49
activity#com.society.gsaienter.BlueToothPrinterApp
ADDED from src/main/AndroidManifest.xml:49:9-52:20
	android:label
		ADDED from src/main/AndroidManifest.xml:51:13-74
	android:name
		ADDED from src/main/AndroidManifest.xml:50:13-48
activity#com.society.gsaienter.ViewDateWiseReport
ADDED from src/main/AndroidManifest.xml:53:9-56:20
	android:label
		ADDED from src/main/AndroidManifest.xml:55:13-73
	android:name
		ADDED from src/main/AndroidManifest.xml:54:13-47
activity#com.society.gsaienter.OtherReportActivity
ADDED from src/main/AndroidManifest.xml:57:9-60:20
	android:label
		ADDED from src/main/AndroidManifest.xml:59:13-64
	android:name
		ADDED from src/main/AndroidManifest.xml:58:13-48
activity#com.society.gsaienter.BTDeviceListActivity
ADDED from src/main/AndroidManifest.xml:61:9-69:20
	android:label
		ADDED from src/main/AndroidManifest.xml:63:13-65
	android:parentActivityName
		ADDED from src/main/AndroidManifest.xml:64:13-66
	android:theme
		ADDED from src/main/AndroidManifest.xml:65:13-56
	android:name
		ADDED from src/main/AndroidManifest.xml:62:13-49
meta-data#android.support.PARENT_ACTIVITY
ADDED from src/main/AndroidManifest.xml:66:13-68:60
	android:value
		ADDED from src/main/AndroidManifest.xml:68:17-57
	android:name
		ADDED from src/main/AndroidManifest.xml:67:17-63
activity#com.society.gsaienter.ComCalculationActivity
ADDED from src/main/AndroidManifest.xml:70:9-73:20
	android:label
		ADDED from src/main/AndroidManifest.xml:72:13-67
	android:name
		ADDED from src/main/AndroidManifest.xml:71:13-51